<?xml version="1.0" encoding="UTF-8"?>
<!-- Generated by org.testng.reporters.JUnitReportReporter -->
<testsuite hostname="ShreeKanchan" failures="0" tests="1" name="org.Testing.testscripts.TC2" time="20.814" errors="0" timestamp="2024-05-04T08:47:39 IST" skipped="0">
  <testcase classname="org.Testing.testscripts.TC2" name="tranding" time="20.814"/>
  <system-out/>
</testsuite> <!-- org.Testing.testscripts.TC2 -->
