<?xml version="1.0" encoding="UTF-8"?>
<!-- Generated by org.testng.reporters.JUnitReportReporter -->
<testsuite hostname="ShreeKanchan" failures="0" tests="1" name="org.Testing.testscripts.TC7" time="39.216" errors="0" timestamp="2024-05-17T06:39:32 IST" skipped="0">
  <testcase classname="org.Testing.testscripts.TC7" name="videoplay" time="39.216"/>
  <system-out/>
</testsuite> <!-- org.Testing.testscripts.TC7 -->
