<?xml version="1.0" encoding="UTF-8"?>
<!-- Generated by org.testng.reporters.JUnitReportReporter -->
<testsuite hostname="ShreeKanchan" failures="0" tests="1" name="org.Testing.testscripts.TC4" time="23.674" errors="0" timestamp="2024-05-05T18:23:49 IST" skipped="0">
  <testcase classname="org.Testing.testscripts.TC4" name="videoplay" time="23.674"/>
  <system-out/>
</testsuite> <!-- org.Testing.testscripts.TC4 -->
