<?xml version="1.0" encoding="UTF-8"?>
<!-- Generated by org.testng.reporters.JUnitReportReporter -->
<testsuite hostname="ShreeKanchan" failures="0" tests="1" name="org.Testing.testscripts.TC1" time="23.193" errors="0" timestamp="2024-05-04T08:37:24 IST" skipped="0">
  <testcase classname="org.Testing.testscripts.TC1" name="tranding" time="23.193"/>
  <system-out/>
</testsuite> <!-- org.Testing.testscripts.TC1 -->
