<?xml version="1.0" encoding="UTF-8"?>
<!-- Generated by org.testng.reporters.JUnitReportReporter -->
<testsuite hostname="ShreeKanchan" failures="0" tests="1" name="org.Testing.testscripts.TC6" time="24.958" errors="0" timestamp="2024-05-16T21:50:46 IST" skipped="0">
  <testcase classname="org.Testing.testscripts.TC6" name="videoplay" time="24.958"/>
  <system-out/>
</testsuite> <!-- org.Testing.testscripts.TC6 -->
