<?xml version="1.0" encoding="UTF-8"?>
<!-- Generated by org.testng.reporters.JUnitReportReporter -->
<testsuite hostname="ShreeKanchan" failures="0" tests="1" name="org.Testing.testscripts.TC8" time="19.143" errors="0" timestamp="2024-05-17T07:03:41 IST" skipped="0">
  <testcase classname="org.Testing.testscripts.TC8" name="videoplay" time="19.143"/>
  <system-out/>
</testsuite> <!-- org.Testing.testscripts.TC8 -->
