<?xml version="1.0" encoding="UTF-8"?>
<!-- Generated by org.testng.reporters.JUnitReportReporter -->
<testsuite hostname="ShreeKanchan" failures="0" tests="1" name="org.Testing.testscripts.TC3" time="22.111" errors="0" timestamp="2024-05-04T08:58:46 IST" skipped="0">
  <testcase classname="org.Testing.testscripts.TC3" name="tranding" time="22.111"/>
  <system-out/>
</testsuite> <!-- org.Testing.testscripts.TC3 -->
